-11.989072848825774
-3.0180962824751645
1.5778764460911487
-5.487827586406276
-4.441655682270079
-1.3418875797344925
1.7702029124820082
0.40922773084430714
-11.211486504984258
0.07488350536720606
6.773273937398628
-9.171490679272932
-3.004502978747263
-4.63881507436372
-7.618659727783946
4.999873233159331
-5.336252864549212
0.8389468429217366
-0.32927158878180146
-1.6854219336300342
0.9096490401006524
-6.251508597669632
-3.513507555579186
-7.318668357873392
11.672249558505378
-3.2251590215238997
-2.484870364055152
-0.7537178793874839
10.47373529347558
4.298781877468117
3.3589916021405593
3.7952550352041885
1.1929720151944063
-0.4734757233867325
4.045161416499306
-4.475065608867701
1.1155873040156257
10.72179451687181
8.8593944387258
-1.047626282311923
-0.9313104746533394
2.4120401271467573
-2.6765266014572253
0.30802995419961515
-0.1723758723969096
0.085251176027344
-0.0
-8.689058674163732
-0.4546902245995707
2.350716955899153
-3.0881804185344075
-3.4022992503198957
-2.5225675446915883
1.1553069698006118
-4.508333203001429
12.216922177669149
-2.1437737414495732
0.07656433375833535
-2.06827720576661
0.7344003571929123
-5.4900090020229655
-1.1001356518075907
-5.264645921585633
-3.2731453916470175
4.29296715590249
3.7534413611212036
-0.6985905136481884
-4.163424706676959
7.437360582753557
-0.0
-0.493880199819905
4.655435815964764
-3.2196025456028154
2.4858348339278336
-3.5268739804065627
0.3370184489922527
-8.78845633242463
-1.847119065458715
-0.5140902805061438
1.8048350487489948
-6.73004487264987
7.885974028427434
-14.030577452441772
1.921514658706409
-2.812220769212572
-9.531353995944588
-1.9332576518797135
-5.130549054549082
-0.41889316570542234
0.5836123049971614
-6.107133628635359
-2.206401339749591
1.50639375209167
-7.236200229647068
-3.224561146172222
1.5868100464224861
1.0653083182967298
2.169924963393724
3.952116585668226
-6.297572087902168
1.078832137826582
-3.878691293868083
1.3963511828566417
-0.4546902245995707
-4.196256480424484
-8.763964083473475
-0.5728814190875517
2.257762660366466
3.2915904983969395
-1.3319541397068466
5.654116176485252
4.755145378205303
3.8393457247717384
-7.398234134518152
-1.3438379747585611
-0.13689156770630506
-1.3382875433411934
-2.984974767895647
0.7839618133813722
6.435173924082444
7.385810746083758
5.038732197546079
5.552325993552438
1.1929720151944063
3.6982846707340866
-1.5043498587975654
6.773455768728956
0.8276754456029942
-3.6284410609300437
-0.3858717930944365
11.0930412846628
-3.2518643087050907
-2.9422844543239313
0.9090379429489104
2.4427936686261633
-1.4880968964640884
-8.252180690877509
5.056237677644873
-0.09938063208374914
0.6509763362894376
5.565278924670425
1.3039234079899238
-1.456606661160749
-0.5616513570377145
12.451036215189895
-3.0473600574123534
-2.2179310729195945
-8.592074004078295
-3.775629782753884
-2.033563825725312
4.771758399955612
-1.1453050213192648
0.10445856989710489
-9.55624243300285
-2.0680451091293843
11.861456646711162
2.4951270456540318
0.20885090324271027
4.131270177163816
-4.646946095108482
4.292749430372721
-11.008263865713555
4.8841750838178335
-2.6707521286360114
2.642260414835261
-8.744779859228785
-0.18824090807356147
-4.288489486277893
3.1554163300584586
9.488368367917195
-5.84338689385581
-0.0
1.936813276186986
2.8537389409916485
10.156413135103687
1.8172284490466963
5.7833033614643
0.774078849488984
1.4320851456256494
-1.7058535043277803
11.442560645708205
-0.4546902245995707
-5.943432526573476
-0.0
-1.3631554969531328
-1.4046534749086115
2.1849204924433576
2.6993657672860762
1.9824945927131592
2.356287973552911
-1.800422554548933
-1.0047769065105694
1.1665780480013648
0.0687171899313232
-3.493953388945567
3.3048414315764836
-0.5896997760327807
-3.4131986520077486
-7.255529750084533
-1.8990229007067487
-0.6509763362894376
4.224769130596498
1.9030532867548222
-2.668414791960412
-8.573014941223946
-0.457857610729012
-6.631493872906825
9.331155916956286
-2.985106983229861
-2.2581108010761675
-0.0
-3.2581595744838987
-2.600597530110125
2.3920485813642984
-1.1228712829475356
-3.6249576823155922
1.6077419958741048
2.0373207391146853
1.8351046359507834
-3.5625081744508993
-1.8776112665143792
4.257301905945589
0.774078849488984
5.601717432614665
-2.510314452989196
11.228469499971062
4.306022300238279
-2.6240218936624387
-3.0213609871433427
-0.6353150792699779
-4.533251369908087
2.7247178754967356
8.254785162869656
-0.5845696639537095
2.2478941367073424
-4.320178310390784
-3.1636175146721532
-2.726310993906266
-2.581767147964778
6.0210141093409675
-2.9291906876537395
-0.5616513570377145
-1.592273631956989
-9.91364022009962
2.8198619639099762
-10.439281580207787
-2.4328632733075843
-2.5225675446915883
-0.4034647275511872
1.1597868165453846
-5.579157234941251
2.299297159097675
-5.79060188072916
0.11366002801324476
-0.520813338004987
-9.253460093952471
1.7767539962362235
-0.26525065833690514
-6.179142529658812
3.039794478919244
4.303885321609535
-0.0
4.665802198994966
3.0029495740336487
-1.832390361944547
4.05699723021215
-1.4182522689814674
5.0610294645927425
-6.981233142960401
0.8156823606584813
-2.908412931707132
-0.46197129805479853
-4.184306273519265
-11.364605487362256
0.6985905136481884
0.15619754439210354
1.871962476363916
-14.769715700269344
0.6365150100283556
-2.8867076049527562
7.445987048670428
4.507668041704179
-1.8797053785121771
-4.115935474821663
1.4312026130558737
0.5845696639537095
-1.9223708089493938
5.314672537364464
2.5117423571690596
-0.0
2.8229382732978796
4.796144863927784
-4.008892680512103
-1.454026338493925
-5.157595133751592
-1.2808886421433205
0.16914821543377445
-3.2945609395903457
-0.0
-19.15723313780146
-2.6252171842171914
0.17026777075079247
2.4120401271467573
-0.16872243504913453
5.804811179223211
4.970286516556513
-3.6735056178281864
-9.805259883196968
5.633442657471253
5.265372096955762
9.201716497892633
-0.0
-3.6149722027347457
0.10919371476190654
-1.5079171708488908
-0.7101327731995227
-1.2626061706978033
0.7233765423266163
-11.047115170791406
-6.49503168216216
-0.5508530576031875
2.0402378045255825
0.37692416653538346
-6.511772377256522
-0.0
-3.6894796190690737
-7.0284751450616465
-0.8245110216409206
6.337260062834554
4.566233474678801
-1.3574500246978558
3.1513226844518085
-3.1513226844518085
-3.668785925894548
-3.009254763337047
1.316217434493242
-1.3045709369906713
-0.8889756930907704
0.6985905136481884
-0.17340185861849128
1.6352439615917829
0.9707431954571887
-5.427238952009448
-2.8669760163680196
-1.8778406924551272
2.645926431769791
0.7344003571929123
-1.2584378284697584
1.704487109528324
-3.8882145974547586
-1.456606661160749
-1.7835664718577253
-0.9440940033704651
-5.781803393417263
10.676960646201309
6.940334792355371
-2.9432262777137614
0.5845696639537095
7.011545083537786
-1.4596637880790366
4.796567131365169
-0.9814672190100037
-5.904941478514128
6.9007817065476145
-0.1522582477822017
1.1965657720669332
-3.1846519044358477
0.7439337644138896
-13.825485753868286
2.830888296663737
-4.842478058247723
3.744054641373501
0.7902931047653936
0.1681346685160745
-2.558128899568125
-2.214531514838738
1.1624914306233554
0.7439337644138896
-9.147285201399738
-0.8698329284320384
-1.1325885845895465
-1.898025813240921
-0.5967447119910175
1.3406784764049071
-0.39455419979150763
3.0850875475148047
1.0605481983307268
7.9164688404551935
-4.468238931451092
-0.15628549898498217
-2.6868272510423004
3.8253254776797054
-9.338350866095057
0.7160480920823232
3.117970246576474
1.2910656501247058
-5.511845737282989
-0.9313605852717246
1.244776460999578
5.242255056553038
-1.8935038345557011
3.900826971522941
-5.507819050922095
5.541734060839515
-1.0613515178026227
-6.058519074501556
2.9767033619652246
-2.9556325216214487
-3.1655651297131877
-0.7043143676692336
-10.774275559035154
-5.149079643156771
-3.1323727248140494
-3.415502974675762
-0.1711907472532015
-2.591617778376315
3.2581595744838987
-1.870413166785979
-0.0
-3.1513226844518085
-6.4258896850627325
-4.96478920028788
-4.512416161050537
-1.212627693327152
-0.45111058076507793
-2.5765076343751385
-1.8847010216442333
0.06602639968280927
1.3382875433411934
0.08516793956944396
-6.07508441938122
5.998258562292692
-0.5304558451321139
-2.470533060612745
-2.949944721601861
3.3062665769617383
1.8311615467705693
-18.987008005893152
-0.0
-0.5304558451321139
1.4501730696495545
-6.86259725884147
3.8523120289879946
-0.0
10.937792036583595
1.483267916022681
0.09823966361380154
-8.466426170473822
-2.985106983229861
-12.899566475862308
10.348405698073316
-3.151015091337583
1.5775615075471063
-1.642638237369215
3.1937571434421104
