-9.48684564848243
-16.41780894963085
-5.886681024331703
14.899771352758046
6.635821004274234
-7.687987507722308
-18.306483810670255
-36.22713562715185
-15.61871277069993
-36.25485342196534
-12.810350386749178
-4.911540395892439
-19.02178922904958
-6.01344321565537
16.060108079424392
-5.49853107544925
8.680905223359662
2.7676400245762482
7.628921370933028
20.705251629580907
11.101081570777502
-2.127587112207876
-6.87876548202013
2.993946931001683
-39.01070123951091
15.745055470015533
-6.703460731155493
-6.8946402152501145
9.282474980995133
-11.517522244592646
2.535772843653004
-5.951770843843014
10.157813530554323
-12.264689040225914
2.834691520931695
11.980097035323396
24.18583996191626
-22.16948520507887
-32.84095137511312
19.791494901486722
34.98038656324816
-16.631777976932753
-9.930135492035777
4.0381832237560396
-4.285111394759751
18.01185694409862
-3.213320614790976
-11.338196298977948
12.618131823451792
-52.17796570929087
5.828728095736572
16.790507963288
3.9386509709719326
-14.267453617757079
-20.14724643387727
14.017103559700002
-5.344712413093134
11.045899565421482
17.173017489881495
-7.345417641765336
-36.92575422443343
6.612371392107301
-1.1929720151944063
-16.812553176276523
-3.9315249118350906
5.053595201222251
-46.75917518505847
-6.855332441999418
-31.680317636244112
34.64479736941189
-15.790901313699852
18.126918868722395
8.209141926555805
5.256120934529239
-27.73503587399597
24.130884943811402
-4.541514111464371
-6.476826114112333
7.583461664802681
5.146920691949367
6.055750199289215
5.888186781456408
5.528272144342102
21.787287816473473
-0.7537178793874839
-10.514341379384529
-12.182198429752258
7.499200369585527
-11.254156657891553
9.228681012885364
16.000352618926392
0.9307880055249975
7.872473726409339
7.828694690789945
-18.207312473845697
-5.5541074571093585
-46.00308103626818
-4.0341214167507635
-19.616316197290857
22.593315271782785
28.646503494856887
-4.979035299230492
12.052665343472842
-17.819533103358257
-8.363006895538476
8.28363499174392
13.617038820535925
-20.624567253510495
9.499773747534416
-14.273435683374743
25.948889113751328
11.228469499971062
-37.60773629991871
-5.203698027671955
5.8306151090732055
3.62206121526439
-7.330524054578262
7.18667529252893
-0.4620226763863531
13.364846884242727
10.228643208648013
-4.4156759028257815
-6.070441610488838
-5.126278007323436
-37.21924483733576
-1.095928305662572
-13.435926477163958
14.864456314440247
3.6821478517679234
13.302868002300853
16.235596145424243
1.8322878442197108
28.396330479583607
-16.194618581538748
21.055554231700253
8.514404784876008
-17.931627560478955
0.20360818588704044
8.796212281090797
9.339810030779134
-21.235455773387596
21.34988948525588
12.24204852839858
25.378777016383008
12.928865904266868
12.909817049610064
6.331775302836779
7.185396870972185
20.300647322502233
-9.146387982282521
1.0596359913848716
7.112981949375897
-46.24906874732242
9.417806039357083
10.392658363768138
-40.72696244844617
-2.342090075805553
-18.003652405832014
-14.567895033214672
-2.8319677508041186
40.53045618707929
-15.697662446600937
3.3629007878145742
-28.499472412999303
-7.315901046685629
26.974189589327406
11.890872895084577
-43.19009615139505
9.962378107777045
11.003259962824536
-15.371835696801732
-6.753880374178921
11.336122537135795
-16.012043585034753
-3.9150635959260356
-8.445845699440643
8.008262775598114
2.781449685711682
-17.7608077108279
11.83153210120992
3.2071847354761056
-6.414578717102509
-1.0154984141289616
-2.8056449404694943
-20.86401570633901
16.843918321268056
-28.64084212696885
-3.6846994512216007
-20.871441147251282
4.290324827970102
-1.6170180695909575
5.390248394150227
-31.525209581668754
-26.916195677575097
14.170809038286322
10.777082225893338
6.937176652204024
5.681815235481384
12.618131823451792
0.5600447531348558
-6.123166429840204
4.546747844519132
28.925439599374563
-14.806884951097508
15.21557902236746
-22.671030145679268
-24.422370808949395
5.817919400765426
6.650838085393609
-34.29628157095225
6.186811498360722
-23.057101039442557
-1.9114303994303032
-2.9513461308501
10.173322363639926
22.945845553760947
17.288818642038585
17.195494651590938
-14.445147364303724
12.89995814057592
-10.807389471393122
6.776305110193936
11.448739110815916
-21.965943443340734
24.217266144009514
1.363155496953133
-7.721735383101791
-7.602551063298765
12.002034507717411
-4.089578473958762
25.239970761967577
-11.689109197683642
17.429694160677677
7.051695337929065
-16.710085078589263
17.824297940482545
-4.530761354880093
-4.385381641366079
12.163543047693196
-28.27681041746017
14.252372164325191
12.817495380007134
-22.751474650426644
8.534754874340084
-5.123359685943534
-21.134193884091022
-32.368450747750444
16.60452092939111
-15.42053384211722
18.43494882292201
10.497798312845955
9.6391636392012
-0.4617780809295383
26.759757743480748
-17.681230943534526
-4.689672516426611
26.16661831910996
-0.0
12.7242416002494
31.432349413990302
-20.153478420049268
-4.307220508453708
14.697113507354143
4.20435118037752
6.64200545769189
-46.68826835670954
-26.87206855211231
17.60908825750835
0.24471374932211276
-6.17040899986767
-6.740282567043451
-23.812387673397144
11.157997809434633
-13.426339088069042
-5.882315700726607
-29.300818492471524
-39.232689673177646
-5.3968841221276875
-3.0315951444484246
-1.7502934530788035
11.435450775434218
16.85424548944227
6.192555830890465
11.9967058038782
-7.627604660204028
4.1565776699997246
8.375909047386482
10.594250758000614
-24.136853122392008
-45.511030654922834
6.157509239637196
-0.774078849488984
6.868678884565005
-19.838415262328745
-11.987163880363445
-17.79003011894153
16.760327062017225
27.72914116618597
-49.53814176471111
-9.315248399596435
-16.720576889054644
-4.585329445820905
-18.249060294259277
-15.385467462562694
4.9897528033158
-3.822988321250585
-30.93196970488909
-2.2579260949759563
-20.7033540513654
3.52947480369547
-1.077433692084678
-32.417472459028026
-26.21917653358487
7.038716370806892
-26.72237062173803
10.443236958831475
21.572074605454425
12.39951327270044
6.032830925306062
-19.15007363836859
6.169371075028023
-2.189067318862254
12.937278958557002
19.905189627204052
12.387535928418519
-4.5716593889724955
4.012788736201774
17.69058467573023
36.62712473083995
2.326157917178908
-14.987102765178474
-22.881949230464997
-5.927914751023584
10.504256545812373
-15.15931979732937
8.969539243490185
-28.433092350550446
2.7650501137958474
-7.018121733963239
-6.047378538506052
-22.284606391495686
10.102634821470069
-4.399793098084828
19.638091871303743
-31.076428248696956
12.875101131917129
-23.823554687733992
-16.956087913052585
1.1773059749094903
13.234391402935776
-8.168669748243135
-19.53639434519468
-11.727561169773846
-25.097214453867405
9.894601854193953
-12.836922812286243
-13.54657110004102
11.133860217528067
-34.427310193864955
17.717711523750832
-6.686459058255259
21.31931267091219
14.69419919353194
-16.90462341690414
-44.83370219828312
-27.12777184095167
24.86745139843748
23.827689634175965
-44.20212839004957
-12.558508022654014
19.040806796653165
-9.224048850285842
18.011668523909183
-2.5577165204069665
-10.034334798382154
5.455133675186424
1.9527244805979778
-20.411815668771716
7.862372861373712
8.623780359408176
3.123157810495064
-27.16179588906901
-9.890954742656607
8.779258602212861
-28.774187969549345
-4.770866199076248
11.845158624035228
6.297011783810957
7.834768127207431
-14.98641896939042
-0.8949553041230347
-25.34934451639055
-6.194335780354795
-23.25277498731803
-20.830194170468616
-21.744072828586624
-5.126278007323436
-9.720017414088096
-18.860825042234424
-14.512931962581176
-21.931624033950605
5.034692129757669
-4.738617608205836
9.44172042784874
11.283561515930584
-21.65463397582354
8.985916853091112
-14.872440648471112
24.311427400296456
14.226415931871195
7.931047922006313
13.83636009493973
-14.923388540382252
-13.705959158994528
17.016623974982284
-2.0851488916955843
-3.211772688695992
-2.1953376155593123
3.6535232936170616
8.948307529263896
-5.191484501042361
-0.6509763362894376
-7.6713128549328164
5.452511022617225
-14.1030037792829
12.962728123104034
-17.76883889598719
-26.78291480107476
-33.39558859183168
-7.044623541370637
-23.2190591096591
-6.827032474045028
15.228070658009859
7.099011493970581
-14.209557032045394
6.003423732979941
2.068006749554174
5.812197862174463
-12.624406288342083
19.250326860172716
-8.264723652605017
-18.712989245922934
1.50639375209167
-14.849734267685777
-34.83549262127576
4.349309772544679
9.904155470164744
1.7266581252655462
11.126134670436716
18.137329707454164
10.2355651216278
11.467680007431163
18.714478723520603
-20.75410033338829
-4.460962030154092
-1.742093653805657
12.528807709151511
-0.4475868551055372
14.976240995455852
-40.147566733798264
-23.6985142650298
3.6539511964460925
-16.482754607697085
-19.071463832950364
5.06855592221361
-4.955979404765326
19.4056920183792
5.841623621547434
1.6352439615917829
-40.20301584045599
13.52340842702957
-19.85077316484471
9.063647052693849
4.773699785940116
-18.911783286452827
-1.8878502202613066
0.397861776369637
-9.537549246222774
-23.15097633628944
-20.216936600238412
19.091852096967393
7.380138554995305
5.335171202318227
0.4034647275511872
16.415601391419408
-12.327949372040806
-35.131549252249556
-8.776547736834502
-25.321171209318923
0.0003566285424719817
-36.8269704216425
-4.702484547267941
10.01779923772129
-4.18712951379952
10.000702652552853
25.521251973401263
-6.8226101126792695
-25.864484440673458
-10.412976339494193
-25.685975098267747
-12.418411763289718
-9.461388788501765
0.07343243066709315
13.357960440856937
6.268610114064145
9.867554795331133
0.2206074057657813
8.407350783958988
30.75200062758512
9.515047564856259
-31.202897009308014
-26.204638024147073
8.902113259499936
7.847850932110428
5.768467583527709
22.847558917932055
9.418703378078309
-6.967007437501855
18.66051809631565
4.305462993005823
-24.01301669503522
17.502074428095725
-42.40232950751762
-1.0367984147178038
2.096851236847197
22.17385215886219
6.141017305860364
6.349893748818025
16.32232006745824
-23.892251672199958
-0.22556927339364058
15.225617326904928
-6.781296900111346
37.20010330299723
6.040463579433569
7.971235353344378
5.991701741086798
10.734605133782658
-23.576767708817084
6.345825272164719
2.8906131325388724
-15.095099353312438
-28.21810694972425
-5.403675403649591
7.488456990888925
-32.11740411560456
-0.9545762164981881
-2.749174428602374
10.80352220796363
10.597437116668589
-16.32583112544949
-4.818248053123818
-20.713212853907216
-27.587755421521603
-2.2264923673480443
8.202997590615588
-6.662825509966517
11.063178965325303
3.3206684294998148
17.66788461803536
24.163847715595693
7.539285874903433
17.071793325968876
-0.6365150100283556
-25.255615511945315
18.102644141170092
5.063454918677822
-0.13016299828445066
-3.5434004852123504
-16.479926209041505
-26.79373005927081
1.1012990808829028
-4.246502305587982
-4.336235452784165
-6.4236013809265256
-7.7384404418565165
10.065156013020635
12.754464903477382
3.4797377297828183
-11.328627506159853
-18.850822563412184
4.057369601062843
17.54114064269246
-13.679897859366847
12.884993190980666
2.0464810393955317
-1.0227042444436139
-28.83559522601254
14.991726545504461
-10.881555087099914
2.763555163238143
-4.7810677119132805
-1.3315003830335717
0.7537178793874839
-16.170544854096452
13.51406591785893
-20.483037450117695
15.449381441236945
13.282525588538995
-11.222828924438252
-3.9764557138642465
-4.8533262046698535
9.37751182884189
7.233242675901367
-39.14457753544151
-36.05452179406927
1.3235062631877346
8.801160590326027
-2.614675306261707
-15.80651347560076
-1.7082940958856723
-15.847000248581603
19.306040834141584
11.040632143958515
-9.654118300682876
16.17499326565443
12.591314488305038
21.971640341919503
-23.987543875328583
-33.098747148532624
-9.01573204393163
-8.086079507891274
7.139321917227717
-23.183799266925952
-9.097609463420579
9.069041077798659
-39.92286670989988
7.28556976628791
5.307324436567354
15.778929340959142
21.80140948635181
-12.676290454845986
9.489015305774355
-42.03185802919624
-9.61993155467593
-23.602299577608605
-6.491977564282427
4.759494405599416
-13.103267954964814
3.7133212283966603
-29.11110873932747
-6.957511444268938
-16.48167846664719
28.639800594146852
-7.71307350885304
9.634970865435099
12.14854832058608
2.756818873902188
22.207723979139296
13.124523698936645
-0.0
9.002174306470051
-2.6743845910412927
-0.0
18.88566994527914
-6.896781805656364
5.416498826017067
13.01197174632059
16.235596145424243
-4.29523922011952
-6.15329147504709
16.461872414512687
17.09903473137898
-45.85232870221981
9.690168963693226
-9.290071569271436
-16.510932117205588
-11.192381044339138
-11.928474569091737
-0.9545762164981881
-24.180044030014706
9.800992208226507
0.4207422568593346
2.260995248064147
5.868247692222436
-3.5625081744509046
3.246510019573538
-25.042480302360907
-23.502267016052954
14.303594219459466
22.275441073808555
-12.484879318312288
-1.3843625180122847
9.169344718493127
-6.207767548432853
6.579265216833285
-13.612656367237589
21.49613599072674
-4.859871067768232
-7.552122935188505
-4.364263903225413
2.4744645749771266
8.643619000857722
7.898453307985077
11.543533523392826
-22.538557028881087
-26.42381375234244
15.472555816070827
-27.260010932887074
8.147732019015235
16.875717581279996
10.255933518673416
-28.252077355745023
-1.1929720151944063
-34.34580633974224
-8.818469774210431
1.8032098408433783
15.908783686682456
-14.828472747192457
21.21910670266803
-21.90381968947777
10.15892070585672
14.437943439833417
7.821757545948342
-0.9238051329972979
19.146029061855238
-12.106008869615163
-23.650412507404667
-1.0951551716945098
-9.217474411461005
10.076585984090032
11.185657545327217
7.535462775868079
-27.287113942545915
2.2919565362891503
-7.525971515795698
-0.7590455859748904
-36.44863551547381
-35.036655370852635
-13.384108439485903
9.724356099333223
-18.9858018805252
0.01334321736606181
11.977071451665797
11.758584704574456
-13.426339088069042
15.021517653685162
-18.43494882292201
-15.06148356173697
2.2711650776335137
11.842890224313752
-39.53580490369709
-16.218165711676754
-17.08362631520885
15.39732989442604
-31.384374426369437
-28.14082960368603
-33.39503020828795
-20.086434084166104
41.04904191533109
5.533209090177417
-30.468010604038408
10.599840858294831
-26.819289119625786
-16.993336860028023
-9.177711442450615
19.89664640779681
-6.973406771914185
-19.72635020628912
6.425841341292525
-37.3501118223173
4.3162640270760235
-13.682858720840416
-37.95819841545642
14.968393916132623
-3.0766835360495737
-26.136110926521546
-25.263770075828084
7.2257115045356715
28.93959590999515
-8.217478261943917
0.5511009222042245
-42.99535779829881
-28.43955775992451
25.979226905585385
24.91045090293206
6.6930443253347285
-25.32027471607841
-23.859116600919478
-13.436745150000235
-5.472498069144784
-0.20085833711070422
1.4678367232105864
27.118010699979926
-2.9632404626765636
5.125164672354206
-4.129697327887744
-10.878593690358938
-8.241516192949808
-3.0780181570462197
-28.79673374778622
7.609271270780084
-17.295213146629422
7.770756671985193
12.801422037025974
10.439219289332073
-4.160569821399907
7.5912041809985835
-10.441285883114697
14.614025971572566
1.0402611699548714
-27.152962691014594
18.180618870571408
-20.273306340388622
-7.305680472272572
-14.455962734782638
-25.69983562621882
-4.613356232348225
-25.15155045095147
15.40200517442376
20.904399707009645
9.385339215977526
-32.64878488611434
-21.311561922200433
-17.877799920487092
-22.647460928494137
-30.009180315575335
14.212325927065436
17.0743303335567
-21.156823975649445
3.4806190818984746
-14.872440648471112
-20.35239041239224
9.117782695139544
17.1078510662187
7.369218651345346
-4.932477017700029
2.079821146856321
-3.286605262866482
-19.046218358369664
-6.027372999638272
-12.968368516501679
10.704816879284575
7.607375406111446
21.404192878233772
20.25570889331679
10.494135794647141
8.104487033362831
-14.910779549765827
-10.578803741646237
23.831844811338957
-4.934906750428226
20.305206197305147
10.085378406183185
16.070966603602404
-28.72381176023007
3.471932492384976
-30.71760512636726
9.72544573867464
14.115890699955964
1.7232464056669015
24.42998324433909
40.44893434919143
18.309530187104244
-5.235580881101616
-2.6506468432709265
-7.786845049983349
-12.371571646063163
-4.64457873917598
22.617585655234755
25.828176945332704
-10.572710160253946
-6.82089305323533
9.906418152368637
11.10821992360085
-9.290057099036503
-48.66993292586339
12.96947392148215
-19.898623359506317
-33.65920450544594
1.9140085545563204
4.533350634917806
-32.63599713632176
12.86135320916507
15.443971593315485
-24.01635130808849
21.758472711262463
21.5279904875319
-2.423315286297826
9.274903245548778
8.423515020675596
1.642092315309309
-11.558416235107083
-8.894997716299155
6.8590014743405625
15.153827761295972
5.390268304814314
8.38496659210094
7.479216625121845
13.609915789672847
-23.768729540498455
-41.16231613336113
-28.72381176023007
-6.983894880766369
6.801824663042985
7.659010602839389
8.363006895538476
13.2309277469201
21.470174021064665
-2.1866597719231344
15.396426177589856
21.369665824892706
-5.353376955560462
-49.32356157635703
-3.49583168665934
37.60275945515741
-14.396900862454554
21.03216327678941
11.50496050556223
7.307912569856034
4.457288099794659
16.075387667118758
8.688107549859616
13.402793100952376
-17.324095090925507
8.841657980857688
17.312077539974474
15.079145350774038
-32.34324116718133
44.29238033376542
-17.876943627218374
17.19352186311324
5.20449069829061
-13.711675353554753
4.89810495873726
-21.874450418658753
32.15845327585842
-6.370845559932885
15.98744931244649
-4.69034111956962
-6.489332975082734
13.249504101361117
-0.0
-27.482903341678117
-6.895093463756903
11.235457136419772
-20.634301500419777
-26.56505117707799
-19.34381762267597
-6.691023771548204
-32.078752869221155
-21.573479684586744
-9.946380141049243
-29.57158087320129
4.428262951730634
10.276656993921065
10.197245167503628
-42.740393236729496
-11.11678238646353
20.6375805337641
-25.060385231127377
-23.821272647032362
-22.75173244655831
3.691460993454072
6.082164529520881
-22.062249699733147
-40.330294527996685
20.40754193744079
11.089962582619115
-19.422415828363
27.67780239006803
25.997102147098538
-8.427388175061
-21.40917929822427
-6.229428322347119
0.9775452066146816
0.6365150100283556
12.037749127539417
-30.550297050603724
-33.0002030311541
20.024693439506642
18.32736790180279
15.55525975388825
-18.127388495747383
19.103084719756794
13.500163072540518
9.586179126107478
5.387480619359307
15.448995336156862
11.702344775516158
-19.19180438293106
-32.66714217903127
-1.788981209882355
-9.152068384108645
-4.411460869014248
28.718026645252863
-10.174566749963772
-22.487806916579174
21.42964415061187
7.419969580956455
-14.742255800337478
4.745901579039113
-1.602252651657107
-42.64400576820407
-27.925252031090874
-22.803711381428652
4.789946021006019
-10.710078510409254
3.6011797084084467
-20.111890516881147
-4.018673967755097
22.724152955276093
-18.976336252439392
-6.462813244683325
-9.46856934054312
7.552364996162856
13.604398445626686
-10.499359517193508
14.135575621284428
-4.597916065983606
-26.7576142370302
-12.307996895369156
-16.220933263644895
-41.60603938649008
-15.80166300841868
-19.592375473523017
27.005009920722266
-27.818432545757975
-51.00945227635195
-23.379505221260395
-6.591076157046009
-21.402534438397915
-15.463964574683088
7.956541102455886
-15.0109918484121
-13.170140583396346
10.900704743175906
5.417606533176323
-12.781672029193341
16.54273117220307
17.45447138055554
-16.70207160313037
-9.377071031998273
3.412727529038779
-1.8156411536784496
-11.684556581741038
8.968335604306477
-6.463540237774024
-1.8456929932256376
0.8473537548308707
-1.2444974499848562
2.4961128211155774
12.936791980784465
14.368985731518753
0.4582650011671179
-9.971192290848489
-31.373746785901105
35.02774757570522
-18.052914231716244
-40.38073090151386
-7.052678882167621
-22.962172743545587
5.285184298128877
-1.8792778427359984
-14.477004039539793
1.4843984477431786
-8.353895122475308
-30.822519107337975
-24.441605685006763
11.315269155979815
7.262883174467772
7.775992685191236
9.687582878611508
-10.239272772294829
19.14675927217572
-18.79168018304115
31.18084254250038
-20.928070627825893
6.399330434233862
-25.71437387441493
5.646998467169545
-7.634871217055807
15.057949132062406
-22.09894795719627
-48.81622138919377
31.1502635959725
-23.762316878067807
11.330355652991905
7.565037170590211
8.03586535245649
9.99354990784922
-14.150807807229274
-18.976123131028498
-2.6683615696975815
-14.997107150621858
-25.670095872954956
-0.015848851371851214
-43.568529767209284
-17.403533372769758
-4.95320312430521
7.192534772267944
-7.282864156530355
-0.2325812695701721
-21.576194867002705
-7.3021340606028335
10.417727392549429
16.63754531146285
2.9791542347672184
16.427741651992505
4.248111577693507
-27.141056839482133
-15.20056943009872
-7.212368035795017
10.061072225906415
-30.71760512636726
-0.0
12.557359140727138
-9.17231902703832
2.2417755698825794
-9.32487899925546
4.160085069860654
-13.84774917527399
13.188265597933944
-0.2808526662832735
7.492546765348699
1.2589905190994282
27.530344897661486
3.277915799533078
-4.961220011674772
0.6509763362894376
8.002837749711022
10.310298713702945
-0.857285084481172
-1.788874467125153
11.718919216090802
-7.647984036987121
25.50450297874726
-14.436004648342655
-8.86484330087592
1.4692648570977966
-15.506942030207533
6.994684687305044
25.799846786921307
-18.07540908691584
-2.2264300699604727
2.5972144538674033
9.06748683030905
-9.995239299241092
-42.102056808854044
3.9514198360598822
-22.626900121293144
-30.894915185592374
-33.61355242219493
-4.099576477664941
12.084277311455349
-12.379273762853366
-22.478826397235714
4.829029758585898
-10.539367149398075
-14.158669601948649
-6.526232594386665
-10.850268369658732
-32.35014710737471
5.710593137499643
14.37176594177193
-24.3671063101744
6.008325092869388
-29.945091183663568
24.89068614624628
-6.005097239848172
3.5815088706657523
-14.228350617089525
13.333231643402609
-13.208656159562647
-13.904034302378065
6.198563887365496
-2.807674853341573
-10.915358393947287
-21.404958319487122
-35.58219396064292
4.761541277587147
-10.38275519377252
-28.72381176023007
-2.2424456437111617
9.462322208025617
-8.150708405475118
-17.96604068396031
31.993812043935087
-10.588591223498042
-11.252657598073409
-1.2217911503573546
-9.65719937518005
-24.15890807196259
11.430211867500438
-3.4966258304431395
8.956703171993489
-37.354652454695994
18.547397657903034
-8.214875380974012
-39.07241433874512
-11.660558951364763
-10.507200838791949
6.806128392767162
-20.816769668285097
-6.462813244683325
10.729698904785254
23.336082098968255
12.662104602065243
9.775479607164643
7.026532246831974
4.796567131365169
-17.412244578478397
8.596693357186979
10.446931920519999
17.56055323387281
14.908013340978666
-11.39788812696402
-19.748064782375806
13.677147291606744
-11.856217808072756
13.430072750868476
14.405283174293368
-8.510262805759929
-15.199896499196527
-35.54370824295701
-9.97689961017861
-36.20601158862656
-3.979286248338818
15.807007214884964
1.6584841042764684
-13.075459438816967
8.820362312699105
-8.58416021693125
23.256118234024882
-13.838209174553512
9.645812264179494
-38.83207483488062
-31.849491402090564
-12.734261535444787
-24.699352677497764
21.113135501264615
29.398336851227622
-9.40991436050515
-12.104475458169366
-18.80299567870086
-20.967046129534026
-10.145627096085882
23.688262884223583
1.7248463979761626
0.8580706025451948
-4.016212642587348
-2.2147347083562243
4.503623540802929
-31.65722657229831
-24.53337691117777
-5.15043398178762
6.446872022441077
5.953135863819781
-18.479464991590547
-6.447635091182249
14.560641421946176
-2.561659841383095
26.03617027539807
-14.68826783329505
-12.205760515563396
13.343266975412098
-35.3554971037679
18.849325504476262
8.453778258532497
12.505258941151073
0.6985905136481884
-4.4247129462206845
-36.05452179406927
-5.513844768874678
-11.981244487289093
23.965344745721385
-14.505136934040745
-28.462996191209722
-12.59758294729985
4.763641690726177
-19.861418988275354
8.048821481899095
5.524023518463337
5.6084599633237
-1.6133640452930267
-21.61729654576896
1.31117148184505
21.708425664607848
-15.220074195899652
-19.19180438293106
18.838786475183134
7.682716817979699
4.327600860571954
3.291555989748054
-1.18068732908781
-45.0
-4.386408911019315
13.742429259806498
23.69439226653212
2.6993657672860762
-12.057099269653481
-19.736229924171916
-14.366781373719192
8.869197544307061
11.023590379849843
-6.662825509966517
24.107013709092097
2.082784976836848
-5.970266441207144
-20.454871580242987
-17.34179483498979
-1.50639375209167
-25.15585411090548
3.106732359097008
-9.42944451499159
33.08062990841414
-21.32793376296508
-12.865792516038645
26.820720413240508
-5.5048215689004945
22.194377171473263
0.6389382311899486
2.5073698449896824
11.891767446746577
-0.8703561345862831
-1.244776460999578
-2.1195696220582625
0.4221727946054581
-36.938258316136626
12.374742393296803
-39.68532746263554
8.07398948284978
12.247846888103957
11.616409330294424
-12.381459204687733
9.633006689157249
-0.4850968088329931
-31.82832804739806
-1.7217422100013449
-0.44070199829106893
-21.982458930150237
-19.434596945804635
-46.33771332801457
3.858711203007565
4.571295769093821
-4.909878041751298
-7.715985140119756
11.919370091585861
-43.756384877160826
8.201005679786862
9.977427548069986
-16.38228304503349
-8.406901454634301
10.94410279901074
-15.906095039347214
-28.907710349764884
-22.118050769535003
9.60842929633143
0.23864405412454703
-11.832532456765257
-44.42424055301812
-19.751709007446888
-5.146595646006879
-33.04797810348303
-0.9242369217707823
8.266826802984774
-2.0058438788021493
-16.658526699090913
-6.8060847952858365
-10.34463590589407
-13.84486276294577
-10.141279544458303
-7.702553656022617
0.0
-24.965667287360983
-19.504702641037603
-22.876142796521037
3.785930259574842
-28.391575981119388
-30.568638280858927
-44.33748382993771
9.301584239533163
-0.0
-22.88795763121279
-20.419302154250033
10.55592473900266
7.739833522682046
2.4013490562147046
7.082457027704169
19.25907086315268
-32.941111052181796
-11.855868575977562
8.366225381235557
-14.347766315862405
4.288858262508266
8.16889649963169
5.915361547876497
-31.86449308288376
-22.35252379228618
-37.63506127998905
-39.01549163800876
10.59681926174531
-34.9174554078925
0.43574536266283315
-14.258551605589364
-15.728606784031594
-23.49775499499404
4.288858262508266
-20.323389754684108
8.530703146165065
7.419969580956455
-21.40917929822427
-0.4643775631592221
-11.047115170791406
-8.427721469623828
20.90183380922501
14.661837139694198
-7.615653080801804
-18.760374113848066
-31.798572255003137
-11.624020838092061
-9.374878815155556
-7.345558838039288
-5.097032614115239
-4.611860778143942
-7.270822910687534
13.994028370025315
8.293669278463707
12.010637679012277
-40.65889808109334
15.811541485768092
7.60724213927327
-23.73060306177368
-14.385332397151128
5.012474605590629
-34.8587204555417
10.240027114117751
7.326863611383843
-20.495001849392537
-25.15893449732117
-31.46960021624332
3.097868937445412
8.569479765014274
32.89705747775183
-6.939676428203568
14.623405851584794
-17.562449238092896
20.96675724943705
25.419813129820557
-26.208254074234834
7.393654451907457
-5.473775111074744
-9.514504098870017
-23.074971666776854
-20.061272709695142
-5.134794882502727
14.439723852215625
-19.245521779748714
-17.19211367043451
1.4773944690431846
-12.18303639773973
-14.434362555934745
4.270163827919756
20.90976946280105
-10.224968793782443
8.714931408833916
-23.3874932506974
10.04397820505293
-0.0
-12.55035701235635
10.995564958588563
6.249658712781562
-8.558853693633436
32.39676145481435
8.751696112422263
-3.2386797307915787
-10.028047368287712
-2.3616592935290592
-34.46780360915524
-11.619258372014654
-7.239179055780925
28.52651610172917
8.673690005140143
-11.902561438999541
12.238080755435494
-23.82760859400248
-6.85522554617927
21.63808017382055
-14.111023263634348
7.625051164228669
-24.644426634612095
8.404721056445453
-7.810713729266566
-21.14465578840381
-7.855795965159119
9.97689961017861
10.12542399170462
6.9894656663135475
8.362857979339644
3.1084305737387976
-11.476676353747411
-20.0196006292377
19.208441793682077
-22.259267097080823
-27.281099269160315
-10.50386127285473
1.9176595485666486
-8.724466637538681
6.766946857202846
-5.654966237010107
13.704296047772583
-5.082084817922555
-36.818846430380525
-10.556825971783853
3.484946621320668
-28.41074417030363
-4.8841750838178335
-3.699462594905363
-7.21721221009982
17.188563856369445
-0.4401583050841099
-4.749594060025522
-13.481628345339498
2.5585545809992496
-38.735596145424246
-0.8182885208083591
-17.198648904654604
4.586617967404647
-15.837734369054608
24.881820845363087
15.7912088430517
-19.329904127045044
46.907037417145176
-5.568950273410211
9.020664349135236
2.586392102242256
-15.953646274981267
14.971971610415041
5.674441346013111
-42.75897163215133
9.023964530353455
18.55755380720344
8.330433982052057
-11.650427799663841
-18.12992543216578
-13.805900334978684
-12.297440513892328
7.073623999739327
-35.85864911997666
7.091989039885351
8.206650534269878
-0.5854016536223994
-33.6571983012134
-9.638736541831214
-30.291089898780328
1.2714719327357402
12.034453681361184
40.4390914276071
9.301856758757335
14.779738715561436
-8.592853072112385
-1.8224285109623826
-2.334760412578771
5.474316896557253
-9.518597411074131
12.700908878036552
7.816381985180832
14.535365040327301
-14.036243467926477
-20.73285053800936
-24.365698499580223
-11.063658228092912
10.931319802055857
3.1655651297131877
-3.0010740350265923
-34.786102386092
0.06379074220527209
-15.695134052093902
-23.88288091712475
-7.776877544017739
12.47258903463615
17.79473259308416
8.079694019354442
6.47979746308007
-24.67265486099768
-22.027507345446473
-6.137824777723845
-5.797750187139755
-6.040731182351113
0.6226821333841737
1.7881671874986758
-3.0738921954016845
-25.79681823909985
-9.996816514566419
-10.110144648207811
-35.545152082833326
12.942074336029476
-22.44515407513213
-24.89016874044452
-4.5022790626723745
-18.396959894576405
-9.239853385334067
-2.107890959742493
-13.991535066113318
-13.05642996775531
-12.36276353164364
11.133886321908074
19.831903877795128
1.2262673155786517
19.206413846793954
-43.852146914135595
13.073426272167708
18.19479842843979
9.525504365660622
-20.73813088416082
-29.471043906627806
14.769391129779049
14.682218412551196
-32.630058279949324
10.528154761185718
-5.485985252629788
-6.436583845694159
-4.760120556022093
-23.683734733778763
-26.818565707535377
2.296274633103436
3.5542047529349623
-5.089372758490276
13.497323683729206
28.130036971415628
-35.48925822762701
-18.18632342796738
14.478751161703565
-24.163702120863288
-12.460012985195757
-7.885974028427434
4.252450778215521
-9.419216778990382
-6.74688007796049
3.151067054925487
10.355054188131499
8.722846283548
15.371147693754782
-3.8882145974547586
-0.5150738252629331
11.648357944752455
12.418411763289718
-24.929641291777607
16.957554353878827
6.18324857660741
2.544894990828582
-41.49989719003599
-23.89474785209859
-15.58919093291658
3.678686880929791
18.156582934366103
-15.584346882181027
-1.677523012384782
-24.37797066455239
-0.3852509888005796
-8.019292471190997
-14.942297547032869
-19.68118250414175
18.125155873632465
27.5772978215659
5.7091618660329635
-23.305150301249498
13.060894263709848
8.94026538168255
-24.58180631002663
8.75990112227565
-6.913711355834343
5.504936728830783
-18.053286235917877
-19.104241337919838
-3.014730714748472
-7.996671824754353
-15.048229143693721
7.252665586275029
-12.578915464801128
-1.915455220401492
17.099418550541255
-17.066659497427228
3.4731997478068237
-22.882678054586663
-14.186887220759502
-1.2866797315884118
-27.859231149795818
-7.492674907516935
-10.724407643581252
20.206714701559605
-0.5508530576031875
-10.383275480491136
13.040528525838843
15.456383265567906
-3.0315951444484246
21.655211607748893
20.56637110866332
-6.081545730272323
9.70796687258945
10.250214537056376
13.694390518101486
-16.433592643464483
3.3375486796039153
1.4897917812458672
-7.5272006367904165
14.188779414849801
13.06550027246929
-38.39826023311467
-26.810240106392712
5.994695181550444
-8.656942204024153
0.7146382087331282
3.78071421383348
-9.718586061071349
15.50227729401345
-27.50243565323106
10.339104274978752
11.265820052153899
-19.94657453278803
-8.14289497536226
-28.53244220526271
-5.37893214106473
-12.941065861837288
16.50906477149283
8.220039057349323
-22.384948852451394
-12.952632435648884
-17.072053827639696
-3.562508174450899
11.211486504984258
2.2511776236325005
-25.73724579921482
10.779177469937705
29.54013167156578
15.631786743621038
-15.146088311362657
-11.958122708809679
-32.36088967695759
-12.570413022189275
-1.159854096717524
-19.155404203015976
3.7387117310237423
-21.322851430393854
25.051082626179095
8.82215519130277
-15.853319220417685
10.899439691840744
-13.777397716953654
-3.3593541407161145
10.51548173188906
-5.391342791176438
-24.585522199074376
-12.7805923500241
-17.974267441453293
17.139809876875116
-27.248756284371677
19.629845669350246
-5.682415500174858
9.667075102005189
-0.2256509643582465
-8.086079507891274
-15.347224076689024
7.925317256774435
11.151914736704475
-2.678374812825825
-14.734278275669435
-30.488548865345106
-3.467808907212236
-11.764850090797044
26.628839456126823
3.7574942330609478
-7.292265925924315
5.542084019261491
-5.961190636322756
-20.13294230187761
5.712354753828581
21.473439790877265
-19.515045961110882
-10.205472431221313
8.27362930679098
19.27132359230923
9.00135128925735
-12.21526760921222
2.5016052459567435
-25.790972327589007
-28.406572350068586
-30.949324347019115
19.465277314719962
-20.163778622305276
-12.040623456540285
-21.013134458759943
-5.548783084808697
24.19985707956163
14.53569229356862
2.4611410651481975
-5.242255056553038
8.732671815826462
13.667406899210379
20.96581589057059
20.972203271123533
-11.302502682217835
10.458704915198082
10.275575522230985
13.515813948068118
-8.19880906305105
27.678588579905934
17.8613211011325
-20.35682805706414
25.75757453246206
-2.845333957144039
25.273649793710884
-30.44649044951956
-14.075612033599104
2.2174094472428347
3.9511184998899953
7.83001456592177
-22.420831141808584
-18.204387283886177
-7.216337764333922
13.723824432617286
0.1605549469301224
3.3568341782111712
-25.47372600665569
-21.476972696705104
7.2529352438080625
-5.383313355849301
2.0504424526948752
-28.5796061613627
-1.2545651888673692
-44.479186661995016
-26.72159546458832
-16.976646301606305
14.328775971934114
15.313511376792725
-11.76075508370229
-12.255272743456835
13.18921031675621
24.183230331714903
13.48391124235128
3.987519864996442
-0.0
-28.97191530985807
10.984079411037133
8.439760762553773
-37.26110865733942
20.118179154636913
14.334875793172612
22.180314337629188
-1.4692648570977966
13.24436044625968
-31.495688728243934
-2.736055725772307
-30.875850282364627
-32.64013559645921
-15.072492492692955
18.576347731175662
-14.849734267685777
-9.120522103163271
-18.612385545307042
-3.0512628566968507
23.843890551677283
4.613636423584624
11.690913311045342
0.6226821333841737
10.61488204617925
-32.47015028416519
1.589915059932117
-30.509578348884094
-7.901256976967763
1.8089607165142705
-13.465663385784893
-19.58105727385535
6.414391435727709
-5.837886059199761
-8.311750573918374
13.153036804439566
-24.43853433472118
-47.32620539845255
-23.985233833674666
1.602252651657107
16.292853676957204
-15.802778260362693
10.252627427178794
-32.45534185324737
13.609832160483737
-11.541459757154522
8.406533788322658
-24.881820845363087
16.68318300052978
-14.359197313404524
18.9858018805252
-8.247994239094284
-7.6713128549328164
-1.5957665931127734
0.7605779534609836
23.580539744113185
-37.66180343127499
27.53453713277853
-18.90973225113992
-20.586907226834974
-38.415174647246246
-14.87244064847111
18.18632342796738
-5.593621813090567
16.27618823976993
11.859272660366955
23.12462133934862
27.217156261648924
-9.80097646975938
23.757203890474173
-6.0328086577180144
15.722135513121234
-12.676290454845986
21.148983867307706
10.797214586014665
-5.333780717576444
21.97409849387401
-19.711570675038086
-27.902704919064472
7.033032865221865
20.927758280733222
-0.458224939770697
19.4704329700291
22.33316811629664
2.2386933418047876
9.09275212206688
18.511402478196025
-1.4949448117138218
-18.049691562270468
-19.453875468975607
5.335171202318227
-3.689377790368975
12.334558220456337
12.058420727734399
-30.043494105361013
18.07422249346351
4.647398431103738
29.076854097238453
17.47590255748053
16.8881722445288
15.148224088119218
16.807378300460172
-5.909400270570931
17.76883889598719
-1.4492883996408548
-12.357479122978415
-12.774267866307564
-12.614189149211775
12.597649554465274
33.92151808118089
14.896603005069617
8.488096279621
1.4774237935380872
6.372814615732184
26.790868442506415
-21.281818270685857
17.489580171949378
17.90558196132062
20.960793494803227
12.206134952131018
19.49289186508703
-18.259197102985333
7.299866260121799
-11.321966873546113
-25.137325038703985
11.24835569289973
-20.65584553035344
-1.9030532867548222
-12.376542188087338
-7.2155463074853845
13.482653718218359
12.847013660605569
-13.120674826078883
-1.6634224300614884
-14.865822568043416
-14.384374501288644
-49.71123613068411
29.170915231488955
-7.266031711978371
17.77510570913101
-4.8038210329034285
-2.0703671026542105
7.0967525239440645
12.853302540847334
9.238831364852324
11.11545028169889
7.299937590999296
-5.799704805835779
-6.413009568238682
-5.80492889338583
18.74177914186525
11.233979568371648
-6.131897215019513
0.774078849488984
-43.34927974256891
-5.317380469370156
-24.162810855744567
7.310436994315828
-13.532035446098284
4.825689151520999
10.289464982937703
7.654117541078319
9.210885660483218
13.493343976111646
-15.5629856763372
5.605919314142074
-16.118183083431163
-2.267480705443192
-2.758708752453148
9.955324347164483
16.501351952075954
1.4678367232105864
-15.006936795319351
10.413160751546055
12.402832877408013
2.9692605173334163
13.604398445626686
-27.21572582007725
8.567660836554168
5.422588874460352
-14.49487307832397
-13.24031360078298
37.023708936581556
-15.770182153287465
8.63974584584734
-8.927099085280862
-14.296891058018534
3.939432340986283
3.3809017401189543
2.8552965687498215
-11.517522244592646
-16.16205404251986
25.35654477220121
-3.9281871341407637
4.469329233696799
-15.45362367939067
9.343114609775093
12.389074692499554
7.840303398635474
0.9477480532039673
-10.739296646140449
-16.6076257468686
1.0896148248130846
20.895256841104008
2.1181973995294205
17.561351114683667
16.154947219920302
5.833478623166249
-2.661827141535929
-23.122682133384174
-24.03117134355518
-1.589915059932117
-1.9176595485666486
-8.747670821881222
1.1553256885603889
-17.627126415573812
4.966127273961418
-0.8465909919698226
-11.491096728677592
-31.210485050068353
-34.111865633269005
8.870000867671354
13.204157536991888
-6.418130681244287
14.606340421185108
-5.457056502905385
-7.569181719203277
1.50639375209167
-7.791991597904604
-24.135984293660997
12.376965192443631
23.542396520255124
-23.898081413518515
-26.359938526236224
-33.26984965497795
-31.505121899493297
25.849003084995665
-53.763800652201894
-24.730581164516195
-3.832985139149221
0.4855109655395833
-7.381308484647221
13.291986582170118
21.525957496742528
8.252927546546474
-3.7295711786734644
15.486630998906369
-0.0
8.056990862116592
10.021989720764418
14.990819684424666
-5.077133290100132
19.866151435977883
21.193516812416043
-24.073300365691388
-31.71747441146101
-4.99998053931701
-22.491689037147417
-1.8388250147135676
-13.958058129898815
-13.31650883446915
8.300623493585405
-1.928699736220017
-5.3959026259115594
-44.59070872325564
-12.066576738958892
-28.813807366294004
13.120186255429996
-2.63037039560013
0.8949922669463781
26.47960188251558
17.34434941605207
-11.096752254197003
-13.638381691556841
-14.207103770002611
-29.30247154214381
5.699269916759786
-0.0
3.6327234499195553
7.794447535505698
8.142921150518347
-14.14037731502962
-7.840423262994921
3.4653562002286584
9.218651109149683
-41.812674823031486
-21.15681809198655
8.438132308355595
-12.375771318956037
3.5533983436966947
16.185457689057777
6.711328753082414
-13.4392638871397
-5.813129300480927
-6.85522554617927
2.885150548935584
11.303848402126079
-29.81691548578308
6.634747052231873
25.263770075828084
26.499033144662206
-29.201157419249675
-4.798998259220205
-3.3432175464570397
-11.702344775516158
-32.55048842885058
0.9139841221525025
-23.82809001662443
9.814730324725275
18.429918672597143
-21.168910558814282
-32.98285592027871
-25.235731199610594
-8.975745795249505
6.445626523759495
7.827890979424966
1.481437401660566
3.1585778477632536
6.30461380229484
-0.34469780197008415
19.413350578658562
-4.206751789488581
13.924221755281547
-17.681230943534526
4.044756815285753
-5.916258151518674
23.778056356614726
-16.525405299573407
-12.673087970973345
-23.549936928633144
2.281414583544831
-34.56484040283017
-25.41294481210624
-37.40615394830254
16.031359331123745
10.408238107348776
20.141630649418847
-2.496128654858031
-19.82476861003454
-20.829121773756924
-4.079669932276119
-0.6588468378275049
-16.04131298944445
16.17499326565443
5.891524772353671
-21.926285952723866
-9.796140945525764
-2.9514613960850253
-23.16598393004287
3.536055836856386
6.066975253750596
7.589802681783486
0.7392478009407082
-16.999885712969313
-24.821180196439048
-7.997852242673253
-28.94024922342357
-10.863547967959008
-27.391203515903648
2.4184648014866736
9.457901472263305
10.621052077779146
-26.473408579419335
11.900765303191793
-23.71152076163542
-29.690267321364352
13.457770996506628
-36.39369650049729
-27.10718976208225
4.84607380401303
-18.832810599291648
-0.7740788494889799
-8.342460144706884
4.017988003015461
3.97083326840104
15.827192740877912
14.084165620879247
23.818379213070223
5.752100459871533
10.861410509366452
20.836535874222832
-8.622061533117332
18.21723936224773
-17.14684024717156
-0.4200250530401145
6.408548349555781
-13.925158892008152
-28.46907524725242
14.378361848489504
6.413187591136388
19.58004337633769
24.490758377896885
9.585521267239855
14.606256457054187
25.356838675085594
-2.3546242722507147
-6.7429636985055845
13.14193011978708
42.50312800708831
11.073893605418036
19.492114126597095
13.37433142181552
-21.61632646703151
-22.826211900041322
-2.0428083899874383
-1.3963511828566417
-13.026747655245474
-19.116912588723473
-2.109147077673259
-21.520488824357162
34.16406053403017
-20.664902339559937
3.8851088800812934
-30.25126939581581
-12.060603633651548
14.682218412551196
-27.184765823625384
-30.698185407338176
9.773774534546337
9.419216778990382
-8.730225155837907
-4.313078759147424
-31.618892936310246
10.443729530443395
-21.31641073719475
29.41278515404929
7.911386750711162
-0.7897660069159854
15.643176742757054
-8.490702075974658
18.57178557763384
-9.638682176364133
-26.00636593609332
0.1548519499794193
24.989402102034898
-21.50184821834393
36.17493789003494
-9.011077433216668
-16.9056000358741
-2.9513461308501
-33.51227876135817
3.970688054562677
-20.84452924269428
9.232681029249086
14.1890027748978
28.433092350550446
-20.935148704238657
-11.631915847891024
9.691876917903366
7.8614589670640935
21.720657896894586
0.19873642802508928
6.967086966739252
10.008297773060256
-18.40461661416061
12.928865904266868
22.683520165758697
25.27793726572561
-15.773382346772301
8.662025989390497
-40.442499324591985
-12.049373094207288
-5.309827638077568
12.811836675490696
10.891931032346626
30.362855002976488
-7.765439182683712
6.345825272164719
12.825377749571166
8.047593044093766
-16.714195234328916
11.096752254197003
-26.873081131277605
-39.932681806869056
-4.970870967779685
-28.68905450240451
-17.187437758476378
-0.9238051329972979
-17.39134480852114
-11.123001720163977
9.497416307430136
-6.282543081630262
5.1714003294490185
-14.44742895792557
-43.84324990962661
20.40754193744079
-10.251631194174674
35.387080113622204
11.083172911041228
-7.717864707562203
5.392235651010677
-1.363155496953133
-11.546939975799106
12.678672354870752
-23.44417864074648
12.706206685743705
-14.416665427226775
20.619372651357857
-33.548112757246386
-17.079396747179267
-0.0
3.6276303576552165
-17.74073699520603
-16.81795921389339
-1.1012990808829028
15.437704239622903
-6.233277543579161
-21.26947267473486
7.383765046012687
15.095434767528197
3.4879033901390297
8.615428071948962
-34.465876365272266
-14.740209850865964
14.495693504340172
-0.8423421589481457
13.100057420673672
-0.13111070819827186
-41.586568830763156
6.626324847884826
-1.7487799685371792
-35.7750398584359
-0.0
5.7774796302210785
27.965552024249078
11.438244583332677
-3.3466072991957474
10.44194899333339
-19.576467851016574
35.99061798012225
7.164782004363195
24.636122926107006
0.9615153362960559
23.523302858852215
25.346854579969122
-36.44214094996563
12.247316307942869
-11.620870708202466
7.968678434195763
-27.432903471542183
6.480826903169082
8.097866965472079
-13.445338546070012
-8.657334516139446
38.71707480340706
-27.530344897661486
29.512043251186537
7.587252868616826
-4.039965465664342
-12.272541489676918
9.276054234333072
11.361175787709492
-6.465871627216687
9.105658545903381
-9.242406909050564
-13.237973589374636
-4.991491099701973
4.067410167757021
-14.096303742447336
21.851159876966275
-6.847869202343331
-8.72637075837185
5.966281896509865
-51.12316642984021
-17.1865017370295
20.032917829719967
-14.776145583384604
-27.68792246002553
-27.480556049295764
-30.89448566267898
-4.038816963132039
3.5645109224113396
8.098166429214766
-0.0
20.295988750341245
1.9217915605163582
29.369357730150824
-25.734909992586587
10.066052506261148
-9.751672528007656
3.8086347170078962
-30.23983204449391
-25.50450297874726
-16.49880938675913
4.209293720982485
-6.50671991797514
-22.258251394554872
-16.803876344206447
8.708439805996552
8.884085949634892
-10.199444429916895
9.432976032784099
6.932092293599299
8.086079507891274
-14.386606490572724
-32.12782624075003
8.765012747969777
-39.54748897738278
17.041385199264333
-27.248756284371677
5.544306908754548
-5.588846244172385
19.317901082512055
-36.45626342594143
3.669812839722719
-12.189461736036645
9.154746993790527
36.960413814285346
-10.724125148309673
15.161803431274992
23.409151482225916
-0.7557660591049165
-0.7160480920823232
-13.565942952759169
-38.63983046848031
-2.7247255513667534
-10.661952347967492
-26.376293458127336
-18.63172084097146
-0.0
-5.532306346516612
-12.506383989230587
11.494086256158372
-12.140165457192552
16.267472975388078
21.286365141152892
-11.26056054215648
-39.128076928149824
-20.34198624006719
12.821577363839086
7.492163158972458
-0.9874670054409884
19.867526622697092
-6.446346681544846
24.923435537372328
-9.104242235290414
-31.919216778990382
3.0354866738262887
13.146362554429528
-0.0
8.922785344477482
-4.424629235350527
27.74003118683568
8.20201729303445
5.376138335438121
4.369301318327137
0.5728814190875517
12.538233980466774
23.272493933227747
-4.311694643940764
20.91885381007468
-49.33625348361417
29.234258541101966
18.32203542772503
-40.168966917846035
-8.52848278830853
-9.76547990784336
42.50312800708831
-4.81831392108377
-6.967417557250677
19.092496110923754
-15.710998857095591
-1.112867057773883
0.35365968427212824
-14.4778235757362
-25.414317939661437
-6.108970251737324
-43.58433652826702
0.2813088359380418
21.631486839316253
24.369663902870045
0.6509763362894376
16.44174113928388
-38.22369488980606
25.71960268436719
11.858391804342926
-14.526287803384513
14.736669675628852
-12.660457953004503
-14.253268783996184
-1.8753218260117257
-14.338614350364306
6.808567461178777
-24.512847439452173
-2.5080751559546273
-35.674942817292546
-25.890278447335984
6.106226929593181
-15.602349214767834
-12.457856295796297
3.5100944252246093
-29.62921183610246
2.7554498688151288
7.6275593515288875
1.4312026130558737
-19.05046416556249
-28.33743440487543
2.768535391999304
14.92554886031192
-1.3359583772305899
27.23116110401281
20.940742375722362
-37.09496700029034
11.407625248105886
2.742538938005767
-14.442597984924674
-28.688038078011825
-17.195096653930868
4.439647802143168
23.34422497383435
15.48187826603676
-17.21071472736286
-7.6657830744106175
3.9327438519081848
-15.38363726455227
-5.997085580932801
-9.136370811077686
-28.025993905905715
10.330114186483769
-18.964205653644477
7.1519284027575125
2.3586020609864002
-6.784157023468779
-11.642621404691422
10.12727208183028
-13.21594439674806
-33.52821676351967
6.345825272164719
-16.920545424504326
-44.32340402311016
5.161706374757896
17.799609979488082
-3.43041594983936
-6.805641878038972
-8.779735540678466
7.300857938564462
-12.012408891374902
11.03816062659504
4.220643304661003
-24.471264485925147
-32.30179042631955
0.8521252805239866
-4.564691510911473
23.068098700000697
-20.643113859307476
43.24823417760777
-10.969240233853235
12.192463777960972
-20.795136378263486
21.641852692226596
-30.44874487096255
20.761897880231764
-1.7881671874986758
-15.09029112410498
30.615899226486025
-31.250430634476427
6.988509414012123
4.288367233642273
27.34104539077986
-22.088277320659692
17.425803693595967
1.4678367232105864
-13.92859262625868
1.4933184952375833
-6.881459760125213
0.04546249375526357
-19.289810786475684
-3.99018250744779
-1.4616800625321131
7.0837507523645895
-4.796567131365169
8.224017683385814
-14.54012978740915
-33.65920450544594
-21.670735203557594
-24.45839944839095
-25.201895680124856
22.515572245896642
-30.280433120669173
20.01938165329188
-18.51670715768713
-24.109223804466517
-2.116777148191704
10.278022609791734
9.92639597006512
4.515700801681044
-4.486222256552056
5.948848327199837
-17.287299672916344
5.955175464530424
-44.69825274870364
-19.547453237562912
-21.40917929822427
21.27218785715082
